make[1]: Entering directory '/sources/binutils-2.45/build'
make[2]: Entering directory '/sources/binutils-2.45/build/etc'
make[2]: Nothing to be done for 'check'.
make[2]: Leaving directory '/sources/binutils-2.45/build/etc'
make[2]: Entering directory '/sources/binutils-2.45/build/gprofng'
make[2]: Entering directory '/sources/binutils-2.45/build/gprof'
make  check-recursive
make[2]: Entering directory '/sources/binutils-2.45/build/binutils'
make[2]: Entering directory '/sources/binutils-2.45/build/opcodes'
Making check in libcollector
make  check-recursive
make[2]: Entering directory '/sources/binutils-2.45/build/gas'
make[3]: Entering directory '/sources/binutils-2.45/build/gprof'
Making check in .
Making check in po
Making check in po
make[2]: Entering directory '/sources/binutils-2.45/build/bfd'
make  check-recursive
make[3]: Entering directory '/sources/binutils-2.45/build/gas/po'
make[3]: Nothing to be done for 'check'.
make[3]: Leaving directory '/sources/binutils-2.45/build/gas/po'
make[3]: Entering directory '/sources/binutils-2.45/build/binutils'
make[4]: Entering directory '/sources/binutils-2.45/build/gprof/po'
make[4]: Nothing to be done for 'check'.
make[4]: Leaving directory '/sources/binutils-2.45/build/gprof/po'
Making check in testsuite
make[3]: Entering directory '/sources/binutils-2.45/build/gprofng/libcollector'
make[4]: Entering directory '/sources/binutils-2.45/build/gprof/testsuite'
make  tst-gmon-gprof.sh tst-gmon-gprof-l.sh tst-gmon-gprof.out tst-gmon-gprof-l.out
make[3]: Entering directory '/sources/binutils-2.45/build/opcodes'
make[3]: Leaving directory '/sources/binutils-2.45/build/gprofng/libcollector'
Making check in src
make[5]: Entering directory '/sources/binutils-2.45/build/gprof/testsuite'
make[5]: Nothing to be done for '../../../gprof/testsuite/tst-gmon-gprof.sh'.
make[5]: Nothing to be done for '../../../gprof/testsuite/tst-gmon-gprof-l.sh'.
gcc  -O2 -fno-omit-frame-pointer -pg -g -c -o tst-gmon.o ../../../gprof/testsuite/tst-gmon.c
Making check in po
make[4]: Entering directory '/sources/binutils-2.45/build/binutils/po'
make[4]: Nothing to be done for 'check'.
make[4]: Leaving directory '/sources/binutils-2.45/build/binutils/po'
make[3]: Leaving directory '/sources/binutils-2.45/build/opcodes'
make[3]: Entering directory '/sources/binutils-2.45/build/gas'
Making check in po
make[3]: Entering directory '/sources/binutils-2.45/build/opcodes/po'
make[3]: Nothing to be done for 'check'.
make[3]: Leaving directory '/sources/binutils-2.45/build/opcodes/po'
make[2]: Leaving directory '/sources/binutils-2.45/build/opcodes'
make[2]: Entering directory '/sources/binutils-2.45/build/ld'
make  check-recursive
  GEN      doc/asconfig.texi
make[3]: Entering directory '/sources/binutils-2.45/build/bfd'
make[4]: Entering directory '/sources/binutils-2.45/build/binutils'
Making check in po
make[3]: Entering directory '/sources/binutils-2.45/build/gprofng/src'
make  check-am
make[4]: Entering directory '/sources/binutils-2.45/build/bfd/po'
make[4]: Nothing to be done for 'check'.
make[4]: Leaving directory '/sources/binutils-2.45/build/bfd/po'
make  check-DEJAGNU
gcc  -O2 -fno-omit-frame-pointer -pg -g   -o tst-gmon tst-gmon.o
make  check-DEJAGNU
make[3]: Entering directory '/sources/binutils-2.45/build/ld'
Making check in po
make[4]: Entering directory '/sources/binutils-2.45/build/gas'
/usr/bin/grep -E "(development|experimental)=" ../../gas/../bfd/development.sh  \
  | gawk -F= '{ print "set " $1 " " $2 }' > development.exp
make[4]: Entering directory '/sources/binutils-2.45/build/ld/po'
make[4]: Nothing to be done for 'check'.
make[4]: Leaving directory '/sources/binutils-2.45/build/ld/po'
make[2]: Entering directory '/sources/binutils-2.45/build/libiberty'
make[5]: Entering directory '/sources/binutils-2.45/build/binutils'
make[4]: Entering directory '/sources/binutils-2.45/build/bfd'
Making a new site.exp file ...
  GEN      development.exp
Making a new site.exp file ...
make[3]: Entering directory '/sources/binutils-2.45/build/libiberty/testsuite'
gcc -DHAVE_CONFIG_H -g -O2      -I.. -I../../../libiberty/testsuite/../../include  -o test-demangle \
	../../../libiberty/testsuite/test-demangle.c ../libiberty.a
../../../gprof/testsuite/tst-gmon-gprof.sh ../gprof tst-gmon
make[4]: Entering directory '/sources/binutils-2.45/build/gprofng/src'
make[4]: Nothing to be done for 'check-am'.
make[4]: Leaving directory '/sources/binutils-2.45/build/gprofng/src'
make[3]: Leaving directory '/sources/binutils-2.45/build/gprofng/src'
Making check in gp-display-html
make[3]: Entering directory '/sources/binutils-2.45/build/gprofng/gp-display-html'
make[3]: Nothing to be done for 'check'.
make[3]: Leaving directory '/sources/binutils-2.45/build/gprofng/gp-display-html'
Making check in doc
make[4]: Entering directory '/sources/binutils-2.45/build/ld'
make[3]: Entering directory '/sources/binutils-2.45/build/gprofng/doc'
make[3]: Nothing to be done for 'check'.
make[3]: Leaving directory '/sources/binutils-2.45/build/gprofng/doc'
make[3]: Entering directory '/sources/binutils-2.45/build/gprofng'
make jdk_inc="" LD_NO_AS_NEEDED="-Wl,--no-as-needed" GPROFNG_CFLAGS="-Wall" GPROFNG_CPPFLAGS="-U_ASM" check-DEJAGNU
make[4]: Leaving directory '/sources/binutils-2.45/build/bfd'
make[3]: Leaving directory '/sources/binutils-2.45/build/bfd'
make[2]: Leaving directory '/sources/binutils-2.45/build/bfd'
make  check-DEJAGNU
../../../gprof/testsuite/tst-gmon-gprof-l.sh ../gprof tst-gmon
make[4]: Entering directory '/sources/binutils-2.45/build/gprofng'
/usr/bin/grep -E "(development|experimental)=" ../../gprofng/../bfd/development.sh  \
  | gawk -F= '{ print "set " $1 " " $2 }' > development.exp
if [ -d testsuite ]; then \
  true; \
else \
  mkdir testsuite; \
fi
gmon.out: No such file or directory
rm -f testsuite/site.exp
Making a new site.exp file ...
srcdir=`cd ../../binutils && pwd`; export srcdir; \
r=`pwd`; export r; \
LC_ALL=C; export LC_ALL; \
EXPECT=expect; export EXPECT; \
runtest=runtest; \
if /bin/sh -c "$runtest --version" > /dev/null 2>&1; then \
  $runtest --tool binutils --srcdir ${srcdir}/testsuite \
	CC="gcc" CFLAGS="-g -O2    " \
	CC_FOR_BUILD="gcc" \
	CC_FOR_TARGET="gcc" \
	CFLAGS_FOR_TARGET="-g -O2 -O0" \
	; \
else echo "WARNING: could not find \`runtest'" 1>&2; :;\
fi
cp site.exp testsuite/site.exp
rootme=`pwd`; export rootme; \
srcdir=`cd ../../gas; pwd` ; export srcdir ; \
LC_ALL=C; export LC_ALL; \
EXPECT=expect ; export EXPECT ; \
runtest=runtest; \
cd testsuite; \
if /bin/sh -c "$runtest --version" > /dev/null 2>&1; then \
  $runtest --tool gas --srcdir ${srcdir}/testsuite \
	; \
else echo "WARNING: could not find \`runtest'" 1>&2; :;\
fi
--- expected
+++ actual
@@ -1,3 +0,0 @@
-f1 2000
-f2 1000
-f3 1
FAIL
make[5]: *** [Makefile:886: tst-gmon-gprof.out] Error 1
gcc -DHAVE_CONFIG_H -g -O2      -I.. -I../../../libiberty/testsuite/../../include  -DHAVE_CONFIG_H -I.. -o test-pexecute \
	../../../libiberty/testsuite/test-pexecute.c ../libiberty.a
make[5]: Entering directory '/sources/binutils-2.45/build/ld'
PASS
  GEN      development.exp
  GEN      enablings.exp
make[5]: Leaving directory '/sources/binutils-2.45/build/gprof/testsuite'
make[4]: *** [Makefile:759: check-am] Error 2
make[4]: Target 'check' not remade because of errors.
make[4]: Leaving directory '/sources/binutils-2.45/build/gprof/testsuite'
Making a new site.exp file ...
srcroot=`cd ../../gprofng && pwd`; export srcroot; \
LC_ALL=C; export LC_ALL; \
EXPECT=expect; export EXPECT; \
jdk_inc=""; export jdk_inc; \
runtest=runtest; \
if /bin/sh -c "$runtest --version" > /dev/null 2>&1; then \
  $runtest --tool gprofng --srcdir ${srcroot}/testsuite \
	JDK_INC="" \
	CLOCK_GETTIME_LINK="" \
	CHECK_TARGET=check-small \
	PREFIX="/usr" \
	BASH="/bin/sh" \
	GPROFNG_BROKEN_JAVAC="no" \
	MAKE="make" CC="gcc" CFLAGS="-g -O2     -pthread" \
	LDFLAGS="" LIBS=" " \
	BUILDDIR="/sources/binutils-2.45/build/gprofng" ; \
else echo "WARNING: could not find \`runtest'" 1>&2; :;\
fi
make[4]: Entering directory '/sources/binutils-2.45/build/gprof'
make[4]: Leaving directory '/sources/binutils-2.45/build/gprof'
make[3]: *** [Makefile:848: check-recursive] Error 1
make[3]: Leaving directory '/sources/binutils-2.45/build/gprof'
make[2]: *** [Makefile:948: check] Error 2
make[2]: Leaving directory '/sources/binutils-2.45/build/gprof'
make[1]: *** [Makefile:6909: check-gprof] Error 2
gcc -DHAVE_CONFIG_H -g -O2      -I.. -I../../../libiberty/testsuite/../../include  -DHAVE_CONFIG_H -I.. -o test-expandargv \
	../../../libiberty/testsuite/test-expandargv.c ../libiberty.a
WARNING: Couldn't find the global config file.
(cd .libs; test -e ldscripts || test ! -e ld-new || ln -s ../ldscripts .)
WARNING: Couldn't find the global config file.
WARNING: Couldn't find tool init file
Test run by root on Tue Sep 23 00:16:55 2025
Native configuration is x86_64-pc-linux-gnu

		=== binutils tests ===

Schedule of variations:
    unix
WARNING: Couldn't find tool init file

Running target unix
Using /usr/share/dejagnu/baseboards/unix.exp as board description file for target.
Using /usr/share/dejagnu/config/unix.exp as generic interface file for target.
Using /sources/binutils-2.45/binutils/testsuite/config/default.exp as tool-and-target-specific interface file.
Test run by root on Tue Sep 23 00:16:55 2025
Native configuration is x86_64-pc-linux-gnu

		=== gas tests ===

Schedule of variations:
    unix

Running target unix
srcroot=`cd ../../ld && pwd`; export srcroot; \
r=`pwd`; export r; \
LC_ALL=C; export LC_ALL; \
EXPECT=expect; export EXPECT; \
runtest=runtest; \
if /bin/sh -c "$runtest --version" > /dev/null 2>&1; then \
  $runtest --tool ld --srcdir ${srcroot}/testsuite \
	CC="gcc" CFLAGS="-g -O2    " \
	CXX="g++" CXXFLAGS="-g -O2    " \
	CC_FOR_TARGET="gcc" \
	CFLAGS_FOR_TARGET="-g -O2" \
	CXX_FOR_TARGET="g++" \
	CXXFLAGS_FOR_TARGET="-g -O2 -D_GNU_SOURCE" \
	OFILES="ldgram.o ldlex-wrapper.o lexsup.o ldlang.o mri.o ldctor.o ldmain.o plugin.o ldwrite.o ldexp.o  ldemul.o ldver.o ldmisc.o ldfile.o ldcref.o eelf_x86_64.o eelf32_x86_64.o eelf_i386.o eelf_iamcu.o ldelf.o ldelfgen.o ldbuildid.o" BFDLIB="../bfd/.libs/libbfd.a" CTFLIB="../libctf/.libs/libctf.a -lz" \
	SFRAMELIB="../libsframe/.libs/libsframe.a" \
	JANSSON_LIBS="" ZSTD_LIBS="-lzstd" \
	LIBIBERTY="../libiberty/libiberty.a " LIBS="" \
	DO_COMPARE="`echo 'cmp --ignore-initial=16 $f1 $f2' | sed -e 's,\\$,,g'`" \
	; \
else echo "WARNING: could not find \`runtest'" 1>&2; :;\
fi
Using /usr/share/dejagnu/baseboards/unix.exp as board description file for target.
Using /usr/share/dejagnu/config/unix.exp as generic interface file for target.
Using /sources/binutils-2.45/gas/testsuite/config/default.exp as tool-and-target-specific interface file.
Running /sources/binutils-2.45/binutils/testsuite/binutils-all/aarch64/aarch64.exp ...
Running /sources/binutils-2.45/binutils/testsuite/binutils-all/addr2line.exp ...
gcc -DHAVE_CONFIG_H -g -O2      -I.. -I../../../libiberty/testsuite/../../include  -DHAVE_CONFIG_H -I.. -o test-strtol \
	../../../libiberty/testsuite/test-strtol.c ../libiberty.a
WARNING: Couldn't find the global config file.
WARNING: Couldn't find tool init file
Test run by root on Tue Sep 23 00:16:58 2025
Native configuration is x86_64-pc-linux-gnu

		=== gprofng tests ===

Schedule of variations:
    unix

Running target unix
Using /usr/share/dejagnu/baseboards/unix.exp as board description file for target.
Using /usr/share/dejagnu/config/unix.exp as generic interface file for target.
Using /sources/binutils-2.45/gprofng/testsuite/config/default.exp as tool-and-target-specific interface file.
### GPROFNG: /sources/binutils-2.45/build/gprofng/gprofng_wrapper
Running /sources/binutils-2.45/gprofng/testsuite/gprofng.display/display.exp ...
WARNING: Couldn't find the global config file.
WARNING: Couldn't find tool init file
Test run by root on Tue Sep 23 00:16:59 2025
Native configuration is x86_64-pc-linux-gnu

		=== ld tests ===

Schedule of variations:
    unix

Running target unix
Using /usr/share/dejagnu/baseboards/unix.exp as board description file for target.
Using /usr/share/dejagnu/config/unix.exp as generic interface file for target.
Using /sources/binutils-2.45/ld/testsuite/config/default.exp as tool-and-target-specific interface file.
Running /sources/binutils-2.45/gas/testsuite/gas/aarch64/aarch64.exp ...
Running /sources/binutils-2.45/gas/testsuite/gas/aarch64/codeview.exp ...
Running /sources/binutils-2.45/gas/testsuite/gas/aarch64/sysreg/aarch64-sysreg.exp ...
Running /sources/binutils-2.45/gas/testsuite/gas/all/gas.exp ...
gcc -DHAVE_CONFIG_H -g -O2      -I.. -I../../../libiberty/testsuite/../../include  -DHAVE_CONFIG_H -I.. -o test-doubly-linked-list \
	../../../libiberty/testsuite/test-doubly-linked-list.c
./test-demangle < ../../../libiberty/testsuite/demangle-expected
./test-demangle < ../../../libiberty/testsuite/d-demangle-expected
./test-demangle: 365 tests, 0 failures
./test-demangle < ../../../libiberty/testsuite/rust-demangle-expected
./test-demangle: 418 tests, 0 failures
make[1]: Nothing to be done for 'check-target'.
./test-demangle: 75 tests, 0 failures
./test-pexecute
./test-expandargv
PASS: test-buildargv-0.
PASS: test-expandargv-0.
PASS: test-buildargv-1.
PASS: test-expandargv-1.
PASS: test-buildargv-2.
PASS: test-expandargv-2.
PASS: test-buildargv-3.
PASS: test-expandargv-3.
PASS: test-buildargv-4.
PASS: test-expandargv-4.
PASS: test-buildargv-5.
PASS: test-expandargv-5.
PASS: test-buildargv-6.
PASS: test-expandargv-6.
PASS: test-buildargv-7.
PASS: test-expandargv-7.
PASS: test-buildargv-8.
PASS: test-expandargv-8.
PASS: test-buildargv-9.
PASS: test-expandargv-9.
PASS: test-buildargv-10.
PASS: test-expandargv-10.
PASS: test-buildargv-11.
PASS: test-expandargv-11.
PASS: test-buildargv-12.
PASS: test-expandargv-12.
./test-strtol
PASS: test-strtol-0.
PASS: test-strtol-1.
PASS: test-strtol-2.
PASS: test-strtol-3.
PASS: test-strtol-4.
PASS: test-strtol-5.
PASS: test-strtol-6.
PASS: test-strtol-7.
PASS: test-strtol-8.
PASS: test-strtol-9.
PASS: test-strtol-10.
PASS: test-strtol-11.
PASS: test-strtol-12.
PASS: test-strtol-13.
PASS: test-strtol-14.
PASS: test-strtol-15.
PASS: test-strtol-16.
PASS: test-strtol-17.
PASS: test-strtol-18.
PASS: test-strtol-19.
PASS: test-strtol-20.
make[2]: Entering directory '/sources/binutils-2.45/build/libsframe'
make  testsuite/libsframe.decode/be-flipping testsuite/libsframe.decode/frecnt-1 testsuite/libsframe.decode/frecnt-2 testsuite/libsframe.encode/encode-1 testsuite/libsframe.find/findfre-1 testsuite/libsframe.find/findfunc-1 testsuite/libsframe.find/plt-findfre-1 testsuite/libsframe.find/plt-findfre-2
make[3]: Entering directory '/sources/binutils-2.45/build/libsframe'
  CC       testsuite/libsframe.decode/testsuite_libsframe_decode_frecnt_1-frecnt-1.o
make[2]: Entering directory '/sources/binutils-2.45/build/libiberty'
make[3]: Entering directory '/sources/binutils-2.45/build/libiberty/testsuite'
make[3]: Nothing to be done for 'all'.
make[3]: Leaving directory '/sources/binutils-2.45/build/libiberty/testsuite'
Running /sources/binutils-2.45/binutils/testsuite/binutils-all/ar.exp ...
make[2]: Leaving directory '/sources/binutils-2.45/build/libiberty'
make[2]: Entering directory '/sources/binutils-2.45/build/libsframe'
make  all-am
make[3]: Entering directory '/sources/binutils-2.45/build/libsframe'
make[3]: Leaving directory '/sources/binutils-2.45/build/libsframe'
make[2]: Leaving directory '/sources/binutils-2.45/build/libsframe'
  CC       testsuite/libsframe.decode/testsuite_libsframe_decode_frecnt_2-frecnt-2.o
make[2]: Entering directory '/sources/binutils-2.45/build/bfd'
Making info in po
./test-doubly-linked-list
10 4 3 1 9 2 
PASS: test-linked-list::append: check forward conformity
2 9 1 3 4 10 
PASS: test-linked-list::append: check backward conformity

1 2 3 4 9 10 
PASS: test-linked-list::sort: check forward conformity
10 9 4 3 2 1 
PASS: test-linked-list::sort: check backward conformity

11 1 2 3 4 9 10 
PASS: test-linked-list::prepend: check forward conformity
10 9 4 3 2 1 11 
PASS: test-linked-list::prepend: check backward conformity

11 1 2 3 4 9 8 10 
PASS: test-linked-list::insert_before: check forward conformity
10 8 9 4 3 2 1 11 
PASS: test-linked-list::insert_before: check backward conformity

11 2 3 4 9 8 10 
PASS: test-linked-list::remove: check forward conformity
10 8 9 4 3 2 11 
PASS: test-linked-list::remove: check backward conformity

10 2 3 4 9 8 11 
PASS: test-linked-list::swap first and last: check forward conformity
11 8 9 4 3 2 10 
PASS: test-linked-list::swap first and last: check backward conformity

10 3 2 4 9 8 11 
PASS: test-linked-list::swap adjacent nodes: check forward conformity
11 8 9 4 2 3 10 
PASS: test-linked-list::swap adjacent nodes: check backward conformity

10 9 2 4 3 8 11 
PASS: test-linked-list::swap non-adjacent nodes: check forward conformity
11 8 3 4 2 9 10 
PASS: test-linked-list::swap non-adjacent nodes: check backward conformity

2 3 4 8 9 10 11 
PASS: test-linked-list::sort: check forward conformity
11 10 9 8 4 3 2 
PASS: test-linked-list::sort: check backward conformity

3 4 8 9 10 11 
PASS: test-linked-list::pop_front: check forward conformity
11 10 9 8 4 3 
PASS: test-linked-list::pop_front: check backward conformity

3 4 8 9 10 
PASS: test-linked-list::pop_back: check forward conformity
10 9 8 4 3 
PASS: test-linked-list::pop_back: check backward conformity

make[3]: Leaving directory '/sources/binutils-2.45/build/libiberty/testsuite'
make[2]: Leaving directory '/sources/binutils-2.45/build/libiberty'
make[3]: Entering directory '/sources/binutils-2.45/build/bfd/po'
make[3]: Nothing to be done for 'info'.
make[3]: Leaving directory '/sources/binutils-2.45/build/bfd/po'
  CC       testsuite/libsframe.decode/testsuite_libsframe_decode_be_flipping-be-flipping.o
make[3]: Entering directory '/sources/binutils-2.45/build/bfd'
  CCLD     testsuite/libsframe.decode/frecnt-1
make[3]: Leaving directory '/sources/binutils-2.45/build/bfd'
make  all-recursive
  CCLD     testsuite/libsframe.decode/frecnt-2
make[3]: Entering directory '/sources/binutils-2.45/build/bfd'
Making all in po
make[4]: Entering directory '/sources/binutils-2.45/build/bfd/po'
make[4]: Nothing to be done for 'all'.
make[4]: Leaving directory '/sources/binutils-2.45/build/bfd/po'
make[4]: Entering directory '/sources/binutils-2.45/build/bfd'
  CC       testsuite/libsframe.encode/testsuite_libsframe_encode_encode_1-encode-1.o
make[4]: Leaving directory '/sources/binutils-2.45/build/bfd'
make[3]: Leaving directory '/sources/binutils-2.45/build/bfd'
make[2]: Leaving directory '/sources/binutils-2.45/build/bfd'
  CC       testsuite/libsframe.find/testsuite_libsframe_find_findfre_1-findfre-1.o
  CC       testsuite/libsframe.find/testsuite_libsframe_find_findfunc_1-findfunc-1.o
  CC       testsuite/libsframe.find/testsuite_libsframe_find_plt_findfre_1-plt-findfre-1.o
  CC       testsuite/libsframe.find/testsuite_libsframe_find_plt_findfre_2-plt-findfre-2.o
  CCLD     testsuite/libsframe.decode/be-flipping
make[2]: Entering directory '/sources/binutils-2.45/build/libctf'
make  all-recursive
make[3]: Entering directory '/sources/binutils-2.45/build/libctf'
make[4]: Entering directory '/sources/binutils-2.45/build/libctf'
  CCLD     testsuite/libsframe.encode/encode-1
make[4]: Leaving directory '/sources/binutils-2.45/build/libctf'
make[3]: Leaving directory '/sources/binutils-2.45/build/libctf'
make[2]: Leaving directory '/sources/binutils-2.45/build/libctf'
make[2]: Entering directory '/sources/binutils-2.45/build/opcodes'
  CCLD     testsuite/libsframe.find/findfre-1
make  all-recursive
make[3]: Entering directory '/sources/binutils-2.45/build/opcodes'
Making all in .
make[4]: Entering directory '/sources/binutils-2.45/build/opcodes'
make[4]: Leaving directory '/sources/binutils-2.45/build/opcodes'
Making all in po
make[4]: Entering directory '/sources/binutils-2.45/build/opcodes/po'
make[4]: Nothing to be done for 'all'.
make[4]: Leaving directory '/sources/binutils-2.45/build/opcodes/po'
make[3]: Leaving directory '/sources/binutils-2.45/build/opcodes'
make[2]: Leaving directory '/sources/binutils-2.45/build/opcodes'
  CCLD     testsuite/libsframe.find/findfunc-1
  CCLD     testsuite/libsframe.find/plt-findfre-1
  CCLD     testsuite/libsframe.find/plt-findfre-2
make[3]: Leaving directory '/sources/binutils-2.45/build/libsframe'
make  check-DEJAGNU
make[3]: Entering directory '/sources/binutils-2.45/build/libsframe'
Making a new site.exp file ...
make[2]: Entering directory '/sources/binutils-2.45/build/gas'
make  all-recursive
make[3]: Entering directory '/sources/binutils-2.45/build/gas'
srcroot=`cd ../../libsframe && pwd`; export srcroot; \
r=`pwd`; export r; \
LC_ALL=C; export LC_ALL; \
EXPECT=expect; export EXPECT; \
runtest=runtest; \
if /bin/sh -c "$runtest --version" > /dev/null 2>&1; then \
  $runtest --tool libsframe --srcdir ${srcroot}/testsuite \
	CC="gcc" \
	CROSS_COMPILE="" \
	COMPAT_DEJAGNU="yes" \
	CFLAGS="-g -O2     -I../../libsframe/../include -I../../libsframe -I." \
	; \
else echo "WARNING: could not find \`runtest'" 1>&2; :;\
fi
Making all in po
make[4]: Entering directory '/sources/binutils-2.45/build/gas/po'
make[4]: Nothing to be done for 'all'.
make[4]: Leaving directory '/sources/binutils-2.45/build/gas/po'
ERROR: comparison of results in mttest failed
make[4]: Entering directory '/sources/binutils-2.45/build/gas'
  GEN      doc/asconfig.texi
WARNING: Couldn't find the global config file.
make[4]: Leaving directory '/sources/binutils-2.45/build/gas'
make[3]: Leaving directory '/sources/binutils-2.45/build/gas'
make[2]: Leaving directory '/sources/binutils-2.45/build/gas'
WARNING: Couldn't find tool init file
Test run by root on Tue Sep 23 00:17:20 2025
Native configuration is x86_64-pc-linux-gnu

		=== libsframe tests ===

Schedule of variations:
    unix

Running target unix
Using /usr/share/dejagnu/baseboards/unix.exp as board description file for target.
Using /usr/share/dejagnu/config/unix.exp as generic interface file for target.
Using /sources/binutils-2.45/libsframe/testsuite/config/default.exp as tool-and-target-specific interface file.
Running /sources/binutils-2.45/libsframe/testsuite/libsframe.decode/decode.exp ...
make[2]: Entering directory '/sources/binutils-2.45/build/binutils'
Making info in po
make[3]: Entering directory '/sources/binutils-2.45/build/binutils/po'
make[3]: Nothing to be done for 'info'.
make[3]: Leaving directory '/sources/binutils-2.45/build/binutils/po'
make[3]: Entering directory '/sources/binutils-2.45/build/binutils'
make[3]: Nothing to be done for 'info-am'.
make[3]: Leaving directory '/sources/binutils-2.45/build/binutils'
make  all-recursive
make[3]: Entering directory '/sources/binutils-2.45/build/binutils'
Making all in po
Running /sources/binutils-2.45/libsframe/testsuite/libsframe.encode/encode.exp ...
make[4]: Entering directory '/sources/binutils-2.45/build/binutils/po'
make[4]: Nothing to be done for 'all'.
make[4]: Leaving directory '/sources/binutils-2.45/build/binutils/po'
make[4]: Entering directory '/sources/binutils-2.45/build/binutils'
Running /sources/binutils-2.45/libsframe/testsuite/libsframe.find/find.exp ...
make[4]: Leaving directory '/sources/binutils-2.45/build/binutils'
make[3]: Leaving directory '/sources/binutils-2.45/build/binutils'
make[2]: Leaving directory '/sources/binutils-2.45/build/binutils'
make[2]: Entering directory '/sources/binutils-2.45/build/ld'
make  all-recursive

		=== libsframe Summary ===

# of expected passes		129
make[3]: Leaving directory '/sources/binutils-2.45/build/libsframe'
make[2]: Leaving directory '/sources/binutils-2.45/build/libsframe'
make[3]: Entering directory '/sources/binutils-2.45/build/ld'
Making all in po
make[4]: Entering directory '/sources/binutils-2.45/build/ld/po'
make[4]: Nothing to be done for 'all'.
make[4]: Leaving directory '/sources/binutils-2.45/build/ld/po'
make[4]: Entering directory '/sources/binutils-2.45/build/ld'
make[4]: Leaving directory '/sources/binutils-2.45/build/ld'
make[3]: Leaving directory '/sources/binutils-2.45/build/ld'
make[2]: Leaving directory '/sources/binutils-2.45/build/ld'
make[2]: Entering directory '/sources/binutils-2.45/build/libctf'
make[3]: Entering directory '/sources/binutils-2.45/build/libctf'
make  check-DEJAGNU
make[4]: Entering directory '/sources/binutils-2.45/build/libctf'
  GEN      development.exp
echo "set have_tcl_try true" >> development.exp
Making a new site.exp file ...
srcroot=`cd ../../libctf && pwd`; export srcroot; \
r=`pwd`; export r; \
LC_ALL=C; export LC_ALL; \
EXPECT=expect; export EXPECT; \
if [ "x86_64-pc-linux-gnu" = "x86_64-pc-linux-gnu" ] ; then \
  TEST_CROSS=no; \
else \
  TEST_CROSS=yes; \
fi; \
runtest=runtest; \
if /bin/sh -c "$runtest --version" > /dev/null 2>&1; then \
  $runtest --tool libctf --srcdir ${srcroot}/testsuite \
	CC="gcc" CC_FOR_TARGET="gcc" TEST_CROSS="${TEST_CROSS}" \
	CFLAGS="-g -O2     -I../../libctf/../include -I../../libctf -I. -I./../bfd " \
	LIBS="-L/sources/binutils-2.45/build/libctf/../libiberty/pic -liberty  -lz " ; \
else echo "WARNING: could not find \`runtest'" 1>&2; :;\
fi
WARNING: Couldn't find the global config file.
WARNING: Couldn't find tool init file
Test run by root on Tue Sep 23 00:17:27 2025
Native configuration is x86_64-pc-linux-gnu

		=== libctf tests ===

Schedule of variations:
    unix

Running target unix
Using /usr/share/dejagnu/baseboards/unix.exp as board description file for target.
Using /usr/share/dejagnu/config/unix.exp as generic interface file for target.
Using /sources/binutils-2.45/libctf/testsuite/config/default.exp as tool-and-target-specific interface file.
Running /sources/binutils-2.45/libctf/testsuite/libctf-lookup/lookup.exp ...
Running /sources/binutils-2.45/ld/testsuite/ld-aarch64/aarch64-elf.exp ...
Running /sources/binutils-2.45/ld/testsuite/ld-aarch64/aarch64-nto.exp ...
Running /sources/binutils-2.45/ld/testsuite/ld-aarch64/protections/aarch64-protections.exp ...
Running /sources/binutils-2.45/ld/testsuite/ld-alpha/alpha.exp ...
Running /sources/binutils-2.45/ld/testsuite/ld-arc/arc.exp ...
Running /sources/binutils-2.45/ld/testsuite/ld-arm/arm-elf.exp ...
Running /sources/binutils-2.45/ld/testsuite/ld-arm/export-class.exp ...
Running /sources/binutils-2.45/ld/testsuite/ld-auto-import/auto-import.exp ...
Running /sources/binutils-2.45/ld/testsuite/ld-avr/avr.exp ...
Running /sources/binutils-2.45/ld/testsuite/ld-bootstrap/bootstrap.exp ...
Running /sources/binutils-2.45/gprofng/testsuite/gprofng.display/gp-archive.exp ...
Running /sources/binutils-2.45/gas/testsuite/gas/alpha/alpha.exp ...
Running /sources/binutils-2.45/gas/testsuite/gas/arc/arc.exp ...
Running /sources/binutils-2.45/gas/testsuite/gas/arc/warn.exp ...
Running /sources/binutils-2.45/gas/testsuite/gas/arm/arm.exp ...
Running /sources/binutils-2.45/gas/testsuite/gas/avr/avr.exp ...
Running /sources/binutils-2.45/gas/testsuite/gas/bfin/bfin.exp ...
Running /sources/binutils-2.45/gas/testsuite/gas/bfin/error.exp ...
Running /sources/binutils-2.45/gas/testsuite/gas/bpf/bpf.exp ...
Running /sources/binutils-2.45/gas/testsuite/gas/cfi-sframe/cfi-sframe.exp ...
Running /sources/binutils-2.45/gas/testsuite/gas/cfi/cfi.exp ...
Running /sources/binutils-2.45/gas/testsuite/gas/coff/coff.exp ...
Running /sources/binutils-2.45/gas/testsuite/gas/cr16/cr16.exp ...
Running /sources/binutils-2.45/gas/testsuite/gas/cr16/pic.exp ...
Running /sources/binutils-2.45/gas/testsuite/gas/cris/cris.exp ...
Running /sources/binutils-2.45/gas/testsuite/gas/crx/allinsn.exp ...
Running /sources/binutils-2.45/gas/testsuite/gas/csky/csky.exp ...
Running /sources/binutils-2.45/gas/testsuite/gas/d10v/d10v.exp ...
Running /sources/binutils-2.45/gas/testsuite/gas/d30v/d30.exp ...
Running /sources/binutils-2.45/gas/testsuite/gas/dlx/alltests.exp ...
Running /sources/binutils-2.45/gas/testsuite/gas/elf/elf.exp ...
Running /sources/binutils-2.45/binutils/testsuite/binutils-all/arc/objdump.exp ...
Running /sources/binutils-2.45/binutils/testsuite/binutils-all/arm/objdump.exp ...
Running /sources/binutils-2.45/binutils/testsuite/binutils-all/bfin/objdump.exp ...
Running /sources/binutils-2.45/binutils/testsuite/binutils-all/compress.exp ...
Running /sources/binutils-2.45/gprofng/testsuite/gprofng.display/gp-collect-app_F.exp ...
Running /sources/binutils-2.45/libctf/testsuite/libctf-regression/libctf-repeat-cu.exp ...
Running /sources/binutils-2.45/libctf/testsuite/libctf-regression/regression.exp ...
Running /sources/binutils-2.45/gprofng/testsuite/gprofng.display/setpath_map.exp ...

		=== gprofng Summary ===

# of expected passes		4
# of unresolved testcases	1
# of unsupported tests		1
make[4]: *** [Makefile:925: check-small] Error 1
make[4]: Target 'check-DEJAGNU' not remade because of errors.
make[4]: Leaving directory '/sources/binutils-2.45/build/gprofng'
make[3]: *** [Makefile:792: check-am] Error 2
make[3]: Leaving directory '/sources/binutils-2.45/build/gprofng'
make[2]: *** [Makefile:472: check-recursive] Error 1
make[2]: Target 'check' not remade because of errors.
make[2]: Leaving directory '/sources/binutils-2.45/build/gprofng'
make[1]: *** [Makefile:7333: check-gprofng] Error 2
Running /sources/binutils-2.45/binutils/testsuite/binutils-all/cxxfilt.exp ...
Running /sources/binutils-2.45/binutils/testsuite/binutils-all/debuginfod.exp ...
Running /sources/binutils-2.45/binutils/testsuite/binutils-all/dlltool.exp ...
Running /sources/binutils-2.45/binutils/testsuite/binutils-all/elfedit.exp ...
Running /sources/binutils-2.45/libctf/testsuite/libctf-writable/writable.exp ...
Running /sources/binutils-2.45/binutils/testsuite/binutils-all/hppa/objdump.exp ...
Running /sources/binutils-2.45/binutils/testsuite/binutils-all/i386/i386.exp ...
Running /sources/binutils-2.45/ld/testsuite/ld-bpf/bpf.exp ...
Running /sources/binutils-2.45/ld/testsuite/ld-cdtest/cdtest.exp ...
Running /sources/binutils-2.45/binutils/testsuite/binutils-all/kvx/kvx.exp ...
Running /sources/binutils-2.45/binutils/testsuite/binutils-all/loongarch64/loongarch64.exp ...
Running /sources/binutils-2.45/binutils/testsuite/binutils-all/m68k/objdump.exp ...
Running /sources/binutils-2.45/binutils/testsuite/binutils-all/mips/mips.exp ...
Running /sources/binutils-2.45/binutils/testsuite/binutils-all/nfp/objdump.exp ...
Running /sources/binutils-2.45/binutils/testsuite/binutils-all/nm.exp ...
Running /sources/binutils-2.45/ld/testsuite/ld-checks/checks.exp ...
Version /sources/binutils-2.45/build/binutils/nm-new 2.45
Running /sources/binutils-2.45/ld/testsuite/ld-cris/cris.exp ...
Running /sources/binutils-2.45/ld/testsuite/ld-crx/crx.exp ...
Running /sources/binutils-2.45/ld/testsuite/ld-csky/csky.exp ...
Running /sources/binutils-2.45/ld/testsuite/ld-ctf/ctf.exp ...
Running /sources/binutils-2.45/binutils/testsuite/binutils-all/objcopy.exp ...
Version /sources/binutils-2.45/build/binutils/objcopy 2.45
Running /sources/binutils-2.45/gas/testsuite/gas/epiphany/allinsn.exp ...
Running /sources/binutils-2.45/gas/testsuite/gas/fr30/allinsn.exp ...
Running /sources/binutils-2.45/gas/testsuite/gas/fr30/fr30.exp ...
Running /sources/binutils-2.45/gas/testsuite/gas/frv/allinsn.exp ...
Running /sources/binutils-2.45/gas/testsuite/gas/ft32/ft32.exp ...
Running /sources/binutils-2.45/gas/testsuite/gas/h8300/h8300-elf.exp ...
Running /sources/binutils-2.45/gas/testsuite/gas/h8300/h8300.exp ...
Running /sources/binutils-2.45/gas/testsuite/gas/h8300/t01_mov.exp ...
Running /sources/binutils-2.45/gas/testsuite/gas/h8300/t02_mova.exp ...
Running /sources/binutils-2.45/gas/testsuite/gas/h8300/t03_add.exp ...
Running /sources/binutils-2.45/gas/testsuite/gas/h8300/t04_sub.exp ...
Running /sources/binutils-2.45/gas/testsuite/gas/h8300/t05_cmp.exp ...
Running /sources/binutils-2.45/gas/testsuite/gas/h8300/t06_ari2.exp ...
Running /sources/binutils-2.45/gas/testsuite/gas/h8300/t07_ari3.exp ...
Running /sources/binutils-2.45/gas/testsuite/gas/h8300/t08_or.exp ...
Running /sources/binutils-2.45/gas/testsuite/gas/h8300/t09_xor.exp ...
Running /sources/binutils-2.45/gas/testsuite/gas/h8300/t10_and.exp ...
Running /sources/binutils-2.45/gas/testsuite/gas/h8300/t11_logs.exp ...
Running /sources/binutils-2.45/gas/testsuite/gas/h8300/t12_bit.exp ...
Running /sources/binutils-2.45/gas/testsuite/gas/h8300/t13_otr.exp ...
Running /sources/binutils-2.45/gas/testsuite/gas/hppa/basic/basic.exp ...
Running /sources/binutils-2.45/gas/testsuite/gas/hppa/parse/parse.exp ...
Running /sources/binutils-2.45/gas/testsuite/gas/hppa/reloc/reloc.exp ...
Running /sources/binutils-2.45/gas/testsuite/gas/hppa/unsorted/unsorted.exp ...
Running /sources/binutils-2.45/gas/testsuite/gas/i386/codeview.exp ...
Running /sources/binutils-2.45/gas/testsuite/gas/i386/i386.exp ...

		=== libctf Summary ===

# of expected passes		38
make[4]: Leaving directory '/sources/binutils-2.45/build/libctf'
make[3]: Leaving directory '/sources/binutils-2.45/build/libctf'
make[2]: Leaving directory '/sources/binutils-2.45/build/libctf'
Running /sources/binutils-2.45/ld/testsuite/ld-cygwin/exe-export.exp ...
Running /sources/binutils-2.45/ld/testsuite/ld-d10v/d10v.exp ...
Running /sources/binutils-2.45/ld/testsuite/ld-discard/discard.exp ...
Running /sources/binutils-2.45/ld/testsuite/ld-dynamic/export-dynamic-symbol.exp ...
Running /sources/binutils-2.45/ld/testsuite/ld-elf/audit.exp ...
Running /sources/binutils-2.45/binutils/testsuite/binutils-all/objdump.exp ...
Version /sources/binutils-2.45/build/binutils/objdump 2.45
Running /sources/binutils-2.45/ld/testsuite/ld-elf/binutils.exp ...
Running /sources/binutils-2.45/binutils/testsuite/binutils-all/readelf.exp ...
Version /sources/binutils-2.45/build/binutils/readelf 2.45
Running /sources/binutils-2.45/binutils/testsuite/binutils-all/riscv/riscv.exp ...
Running /sources/binutils-2.45/binutils/testsuite/binutils-all/size.exp ...
Version /sources/binutils-2.45/build/binutils/size 2.45
Running /sources/binutils-2.45/binutils/testsuite/binutils-all/strings.exp ...
Running /sources/binutils-2.45/binutils/testsuite/binutils-all/update-section.exp ...
Version /sources/binutils-2.45/build/binutils/objcopy 2.45
Running /sources/binutils-2.45/binutils/testsuite/binutils-all/vax/objdump.exp ...
Running /sources/binutils-2.45/binutils/testsuite/binutils-all/wasm32/wasm32.exp ...
Running /sources/binutils-2.45/binutils/testsuite/binutils-all/windres/windres.exp ...
Running /sources/binutils-2.45/binutils/testsuite/binutils-all/x86-64/objects.exp ...
Running /sources/binutils-2.45/binutils/testsuite/binutils-all/x86-64/x86-64.exp ...

		=== binutils Summary ===

# of expected passes		335
# of untested testcases		4
# of unsupported tests		2
make[5]: Leaving directory '/sources/binutils-2.45/build/binutils'
make[4]: Leaving directory '/sources/binutils-2.45/build/binutils'
make[3]: Leaving directory '/sources/binutils-2.45/build/binutils'
make[2]: Leaving directory '/sources/binutils-2.45/build/binutils'
Running /sources/binutils-2.45/ld/testsuite/ld-elf/build-id.exp ...
Running /sources/binutils-2.45/ld/testsuite/ld-elf/comm-data.exp ...
Running /sources/binutils-2.45/ld/testsuite/ld-elf/compress.exp ...
Running /sources/binutils-2.45/ld/testsuite/ld-elf/dt-relr.exp ...
Running /sources/binutils-2.45/ld/testsuite/ld-elf/dwarf.exp ...
Running /sources/binutils-2.45/ld/testsuite/ld-elf/eh-group.exp ...
Running /sources/binutils-2.45/ld/testsuite/ld-elf/elf.exp ...
Running /sources/binutils-2.45/gas/testsuite/gas/i386/ilp32/cfi/ilp32.exp ...
Running /sources/binutils-2.45/gas/testsuite/gas/i386/ilp32/elf/ilp32.exp ...
Running /sources/binutils-2.45/gas/testsuite/gas/i386/ilp32/ilp32.exp ...
Running /sources/binutils-2.45/gas/testsuite/gas/i386/ilp32/lns/ilp32.exp ...
Running /sources/binutils-2.45/gas/testsuite/gas/i386/solaris/solaris.exp ...
Running /sources/binutils-2.45/gas/testsuite/gas/i386/x86-64.exp ...
Running /sources/binutils-2.45/ld/testsuite/ld-elf/exclude.exp ...
Running /sources/binutils-2.45/ld/testsuite/ld-elf/export-class.exp ...
Running /sources/binutils-2.45/ld/testsuite/ld-elf/frame.exp ...
Running /sources/binutils-2.45/ld/testsuite/ld-elf/indirect.exp ...
Running /sources/binutils-2.45/ld/testsuite/ld-elf/linux-x86.exp ...
Running /sources/binutils-2.45/ld/testsuite/ld-elf/no-section-header.exp ...
Running /sources/binutils-2.45/ld/testsuite/ld-elf/notes.exp ...
Running /sources/binutils-2.45/ld/testsuite/ld-elf/package-note.exp ...
Running /sources/binutils-2.45/ld/testsuite/ld-elf/provide-hidden.exp ...
Running /sources/binutils-2.45/ld/testsuite/ld-elf/readelf.exp ...
Running /sources/binutils-2.45/ld/testsuite/ld-elf/sec-to-seg.exp ...
Running /sources/binutils-2.45/ld/testsuite/ld-elf/sec64k.exp ...
Running /sources/binutils-2.45/gas/testsuite/gas/ia64/ia64.exp ...
Running /sources/binutils-2.45/gas/testsuite/gas/ieee-fp/x930509a.exp ...
Running /sources/binutils-2.45/gas/testsuite/gas/ip2k/ip2k-allinsn.exp ...
Running /sources/binutils-2.45/gas/testsuite/gas/iq2000/allinsn.exp ...
Running /sources/binutils-2.45/gas/testsuite/gas/iq2000/load-hazards.exp ...
Running /sources/binutils-2.45/gas/testsuite/gas/iq2000/odd-ldw.exp ...
Running /sources/binutils-2.45/gas/testsuite/gas/iq2000/odd-sdw.exp ...
Running /sources/binutils-2.45/gas/testsuite/gas/iq2000/yield.exp ...
Running /sources/binutils-2.45/gas/testsuite/gas/kvx/kvx.exp ...
Running /sources/binutils-2.45/gas/testsuite/gas/lm32/all.exp ...
Running /sources/binutils-2.45/gas/testsuite/gas/lns/lns.exp ...
Running /sources/binutils-2.45/gas/testsuite/gas/loongarch/loongarch.exp ...
Running /sources/binutils-2.45/gas/testsuite/gas/m32r/allinsn.exp ...
Running /sources/binutils-2.45/gas/testsuite/gas/m32r/error.exp ...
Running /sources/binutils-2.45/gas/testsuite/gas/m32r/m32r.exp ...
Running /sources/binutils-2.45/gas/testsuite/gas/m32r/m32r2.exp ...
Running /sources/binutils-2.45/gas/testsuite/gas/m32r/m32rx.exp ...
Running /sources/binutils-2.45/gas/testsuite/gas/m32r/pic.exp ...
Running /sources/binutils-2.45/gas/testsuite/gas/m32r/rel32.exp ...
Running /sources/binutils-2.45/gas/testsuite/gas/m68hc11/m68hc11.exp ...
Running /sources/binutils-2.45/gas/testsuite/gas/m68k/all.exp ...
Running /sources/binutils-2.45/gas/testsuite/gas/mach-o/mach-o.exp ...
Running /sources/binutils-2.45/gas/testsuite/gas/macros/macros.exp ...
Running /sources/binutils-2.45/gas/testsuite/gas/mcore/allinsn.exp ...
Running /sources/binutils-2.45/gas/testsuite/gas/mep/allinsn.exp ...
Running /sources/binutils-2.45/gas/testsuite/gas/mep/complex-relocs.exp ...
Running /sources/binutils-2.45/gas/testsuite/gas/metag/metag.exp ...
Running /sources/binutils-2.45/gas/testsuite/gas/microblaze/allinsn.exp ...
Running /sources/binutils-2.45/gas/testsuite/gas/microblaze/endian.exp ...
Running /sources/binutils-2.45/gas/testsuite/gas/microblaze/relax_size.exp ...
Running /sources/binutils-2.45/gas/testsuite/gas/microblaze/reloc_sym.exp ...
Running /sources/binutils-2.45/gas/testsuite/gas/microblaze/special_reg.exp ...
Running /sources/binutils-2.45/gas/testsuite/gas/mips/mips.exp ...
Running /sources/binutils-2.45/gas/testsuite/gas/mmix/mmix-err.exp ...
Running /sources/binutils-2.45/gas/testsuite/gas/mmix/mmix-list.exp ...
Running /sources/binutils-2.45/gas/testsuite/gas/mmix/mmix.exp ...
Running /sources/binutils-2.45/gas/testsuite/gas/mn10200/basic.exp ...
Running /sources/binutils-2.45/gas/testsuite/gas/mn10300/basic.exp ...
Running /sources/binutils-2.45/gas/testsuite/gas/mri/mri.exp ...
Running /sources/binutils-2.45/gas/testsuite/gas/msp430/msp430.exp ...
Running /sources/binutils-2.45/gas/testsuite/gas/mt/errors.exp ...
Running /sources/binutils-2.45/gas/testsuite/gas/mt/mt.exp ...
Running /sources/binutils-2.45/gas/testsuite/gas/mt/relocs.exp ...
Running /sources/binutils-2.45/gas/testsuite/gas/nds32/nds32.exp ...
Running /sources/binutils-2.45/gas/testsuite/gas/or1k/or1k.exp ...
Running /sources/binutils-2.45/gas/testsuite/gas/pdp11/pdp11.exp ...
Running /sources/binutils-2.45/gas/testsuite/gas/pe/pe.exp ...
Running /sources/binutils-2.45/gas/testsuite/gas/pj/pj.exp ...
Running /sources/binutils-2.45/gas/testsuite/gas/ppc/aix.exp ...
Running /sources/binutils-2.45/gas/testsuite/gas/ppc/ppc.exp ...
Running /sources/binutils-2.45/gas/testsuite/gas/pru/pru.exp ...
Running /sources/binutils-2.45/gas/testsuite/gas/riscv/riscv.exp ...
Running /sources/binutils-2.45/gas/testsuite/gas/rl78/rl78.exp ...
Running /sources/binutils-2.45/gas/testsuite/gas/rx/rx.exp ...
Running /sources/binutils-2.45/gas/testsuite/gas/s12z/s12z.exp ...
Running /sources/binutils-2.45/gas/testsuite/gas/s390/s390.exp ...
Running /sources/binutils-2.45/gas/testsuite/gas/scfi/aarch64/scfi-aarch64.exp ...
Running /sources/binutils-2.45/gas/testsuite/gas/scfi/x86_64/scfi-x86-64.exp ...
Running /sources/binutils-2.45/ld/testsuite/ld-elf/shared.exp ...
Running /sources/binutils-2.45/gas/testsuite/gas/score/relax.exp ...
Running /sources/binutils-2.45/gas/testsuite/gas/score/relax_32.exp ...
Running /sources/binutils-2.45/gas/testsuite/gas/sh/arch/arch.exp ...
Running /sources/binutils-2.45/gas/testsuite/gas/sh/basic.exp ...
Running /sources/binutils-2.45/gas/testsuite/gas/sh/err.exp ...
Running /sources/binutils-2.45/gas/testsuite/gas/sparc-solaris/addend.exp ...
Running /sources/binutils-2.45/gas/testsuite/gas/sparc-solaris/gas.exp ...
Running /sources/binutils-2.45/gas/testsuite/gas/sparc/mismatch.exp ...
Running /sources/binutils-2.45/gas/testsuite/gas/sparc/sparc.exp ...
Running /sources/binutils-2.45/gas/testsuite/gas/symver/symver.exp ...
Running /sources/binutils-2.45/gas/testsuite/gas/tic4x/tic4x.exp ...
Running /sources/binutils-2.45/gas/testsuite/gas/tic54x/tic54x.exp ...
Running /sources/binutils-2.45/gas/testsuite/gas/tic6x/tic6x.exp ...
Running /sources/binutils-2.45/gas/testsuite/gas/tilegx/tilegx.exp ...
Running /sources/binutils-2.45/gas/testsuite/gas/tilepro/tilepro.exp ...
Running /sources/binutils-2.45/gas/testsuite/gas/v850/basic.exp ...
Running /sources/binutils-2.45/gas/testsuite/gas/vax/vax.exp ...
Running /sources/binutils-2.45/gas/testsuite/gas/visium/error.exp ...
Running /sources/binutils-2.45/gas/testsuite/gas/visium/visium.exp ...
Running /sources/binutils-2.45/gas/testsuite/gas/wasm32/wasm32.exp ...
Running /sources/binutils-2.45/gas/testsuite/gas/xgate/xgate.exp ...
Running /sources/binutils-2.45/gas/testsuite/gas/xstormy16/allinsn.exp ...
Running /sources/binutils-2.45/gas/testsuite/gas/xtensa/all.exp ...
Running /sources/binutils-2.45/gas/testsuite/gas/xtensa/xtensa-err.exp ...
Running /sources/binutils-2.45/gas/testsuite/gas/z80/z80.exp ...
Running /sources/binutils-2.45/gas/testsuite/gas/z8k/z8k.exp ...

		=== gas Summary ===

# of expected passes		2039
# of unsupported tests		1
/sources/binutils-2.45/build/gas/as-new 2.45

make[4]: Leaving directory '/sources/binutils-2.45/build/gas'
make[3]: Leaving directory '/sources/binutils-2.45/build/gas'
make[2]: Leaving directory '/sources/binutils-2.45/build/gas'
Running /sources/binutils-2.45/ld/testsuite/ld-elf/tls.exp ...
Running /sources/binutils-2.45/ld/testsuite/ld-elf/tls_common.exp ...
Running /sources/binutils-2.45/ld/testsuite/ld-elf/wrap.exp ...
Running /sources/binutils-2.45/ld/testsuite/ld-elfcomm/elfcomm.exp ...
Running /sources/binutils-2.45/ld/testsuite/ld-elfvers/vers.exp ...
Running /sources/binutils-2.45/ld/testsuite/ld-elfweak/elfweak.exp ...
Running /sources/binutils-2.45/ld/testsuite/ld-fastcall/fastcall.exp ...
Running /sources/binutils-2.45/ld/testsuite/ld-frv/fdpic.exp ...
Running /sources/binutils-2.45/ld/testsuite/ld-frv/frv-elf.exp ...
Running /sources/binutils-2.45/ld/testsuite/ld-frv/tls.exp ...
Running /sources/binutils-2.45/ld/testsuite/ld-gc/gc.exp ...
Running /sources/binutils-2.45/ld/testsuite/ld-h8300/h8300.exp ...
Running /sources/binutils-2.45/ld/testsuite/ld-i386/export-class.exp ...
Running /sources/binutils-2.45/ld/testsuite/ld-i386/i386.exp ...
Running /sources/binutils-2.45/ld/testsuite/ld-i386/no-plt.exp ...
Running /sources/binutils-2.45/ld/testsuite/ld-i386/tls.exp ...
Running /sources/binutils-2.45/ld/testsuite/ld-ia64/ia64.exp ...
Running /sources/binutils-2.45/ld/testsuite/ld-ia64/line.exp ...
Running /sources/binutils-2.45/ld/testsuite/ld-ifunc/binutils.exp ...
Running /sources/binutils-2.45/ld/testsuite/ld-ifunc/ifunc.exp ...
Running /sources/binutils-2.45/ld/testsuite/ld-kvx/kvx-elf.exp ...
Running /sources/binutils-2.45/ld/testsuite/ld-libs/libs.exp ...
Running /sources/binutils-2.45/ld/testsuite/ld-linkonce/linkonce.exp ...
Running /sources/binutils-2.45/ld/testsuite/ld-loongarch-elf/cmodel.exp ...
Running /sources/binutils-2.45/ld/testsuite/ld-loongarch-elf/ifunc.exp ...
Running /sources/binutils-2.45/ld/testsuite/ld-loongarch-elf/ld-loongarch-elf.exp ...
Running /sources/binutils-2.45/ld/testsuite/ld-loongarch-elf/pic.exp ...
Running /sources/binutils-2.45/ld/testsuite/ld-loongarch-elf/relax.exp ...
Running /sources/binutils-2.45/ld/testsuite/ld-m68hc11/m68hc11.exp ...
Running /sources/binutils-2.45/ld/testsuite/ld-m68k/m68k-got.exp ...
Running /sources/binutils-2.45/ld/testsuite/ld-m68k/m68k.exp ...
Running /sources/binutils-2.45/ld/testsuite/ld-mep/mep.exp ...
Running /sources/binutils-2.45/ld/testsuite/ld-metag/metag.exp ...
Running /sources/binutils-2.45/ld/testsuite/ld-mips-elf/comm-data.exp ...
Running /sources/binutils-2.45/ld/testsuite/ld-mips-elf/export-class.exp ...
Running /sources/binutils-2.45/ld/testsuite/ld-mips-elf/mips-elf-flags.exp ...
Running /sources/binutils-2.45/ld/testsuite/ld-mips-elf/mips-elf.exp ...
Running /sources/binutils-2.45/ld/testsuite/ld-misc/defsym.exp ...
Running /sources/binutils-2.45/ld/testsuite/ld-misc/input-remap.exp ...
Running /sources/binutils-2.45/ld/testsuite/ld-misc/just-symbols.exp ...
Running /sources/binutils-2.45/ld/testsuite/ld-mmix/mmix.exp ...
Running /sources/binutils-2.45/ld/testsuite/ld-mn10300/mn10300.exp ...
Running /sources/binutils-2.45/ld/testsuite/ld-msp430-elf/msp430-elf.exp ...
Running /sources/binutils-2.45/ld/testsuite/ld-nds32/nds32.exp ...
Running /sources/binutils-2.45/ld/testsuite/ld-or1k/or1k.exp ...
Running /sources/binutils-2.45/ld/testsuite/ld-pdp11/pdp11.exp ...
Running /sources/binutils-2.45/ld/testsuite/ld-pe/pdb.exp ...
Running /sources/binutils-2.45/ld/testsuite/ld-pe/pe-compile.exp ...
Running /sources/binutils-2.45/ld/testsuite/ld-pe/pe-run.exp ...
Running /sources/binutils-2.45/ld/testsuite/ld-pe/pe-run2-def.exp ...
Running /sources/binutils-2.45/ld/testsuite/ld-pe/pe-run2.exp ...
Running /sources/binutils-2.45/ld/testsuite/ld-pe/pe.exp ...
Running /sources/binutils-2.45/ld/testsuite/ld-pie/pie.exp ...
Running /sources/binutils-2.45/ld/testsuite/ld-plugin/lto-binutils.exp ...
Running /sources/binutils-2.45/ld/testsuite/ld-plugin/lto.exp ...
Running /sources/binutils-2.45/ld/testsuite/ld-plugin/plugin.exp ...
Running /sources/binutils-2.45/ld/testsuite/ld-powerpc/aix52.exp ...
Running /sources/binutils-2.45/ld/testsuite/ld-powerpc/export-class.exp ...
Running /sources/binutils-2.45/ld/testsuite/ld-powerpc/powerpc.exp ...
Running /sources/binutils-2.45/ld/testsuite/ld-pru/pru.exp ...
Running /sources/binutils-2.45/ld/testsuite/ld-riscv-elf/ld-riscv-elf.exp ...
Running /sources/binutils-2.45/ld/testsuite/ld-s12z/s12z.exp ...
Running /sources/binutils-2.45/ld/testsuite/ld-s390/s390.exp ...
Running /sources/binutils-2.45/ld/testsuite/ld-scripts/align.exp ...
Running /sources/binutils-2.45/ld/testsuite/ld-scripts/alignof.exp ...
Running /sources/binutils-2.45/ld/testsuite/ld-scripts/assert.exp ...
Running /sources/binutils-2.45/ld/testsuite/ld-scripts/crossref.exp ...
Running /sources/binutils-2.45/ld/testsuite/ld-scripts/data.exp ...
Running /sources/binutils-2.45/ld/testsuite/ld-scripts/default-script.exp ...
Running /sources/binutils-2.45/ld/testsuite/ld-scripts/defined.exp ...
Running /sources/binutils-2.45/ld/testsuite/ld-scripts/dynamic-sections.exp ...
Running /sources/binutils-2.45/ld/testsuite/ld-scripts/empty-address.exp ...
Running /sources/binutils-2.45/ld/testsuite/ld-scripts/empty-aligned.exp ...
Running /sources/binutils-2.45/ld/testsuite/ld-scripts/empty-orphan.exp ...
Running /sources/binutils-2.45/ld/testsuite/ld-scripts/exclude-file.exp ...
Running /sources/binutils-2.45/ld/testsuite/ld-scripts/expr.exp ...
Running /sources/binutils-2.45/ld/testsuite/ld-scripts/extern.exp ...
Running /sources/binutils-2.45/ld/testsuite/ld-scripts/include.exp ...
Running /sources/binutils-2.45/ld/testsuite/ld-scripts/log2.exp ...
Running /sources/binutils-2.45/ld/testsuite/ld-scripts/map-address.exp ...
Running /sources/binutils-2.45/ld/testsuite/ld-scripts/overlay-size.exp ...
Running /sources/binutils-2.45/ld/testsuite/ld-scripts/phdrs.exp ...
Running /sources/binutils-2.45/ld/testsuite/ld-scripts/phdrs2.exp ...
Running /sources/binutils-2.45/ld/testsuite/ld-scripts/phdrs3.exp ...
Running /sources/binutils-2.45/ld/testsuite/ld-scripts/print-memory-usage.exp ...
Running /sources/binutils-2.45/ld/testsuite/ld-scripts/provide.exp ...
Running /sources/binutils-2.45/ld/testsuite/ld-scripts/rgn-at.exp ...
Running /sources/binutils-2.45/ld/testsuite/ld-scripts/rgn-over.exp ...
Running /sources/binutils-2.45/ld/testsuite/ld-scripts/script.exp ...
Running /sources/binutils-2.45/ld/testsuite/ld-scripts/section-flags.exp ...
Running /sources/binutils-2.45/ld/testsuite/ld-scripts/section-match.exp ...
Running /sources/binutils-2.45/ld/testsuite/ld-scripts/section-order.exp ...
Running /sources/binutils-2.45/ld/testsuite/ld-scripts/sizeof.exp ...
Running /sources/binutils-2.45/ld/testsuite/ld-scripts/sort.exp ...
Running /sources/binutils-2.45/ld/testsuite/ld-scripts/sysroot-prefix.exp ...
Running /sources/binutils-2.45/ld/testsuite/ld-scripts/weak.exp ...
Running /sources/binutils-2.45/ld/testsuite/ld-selective/sel-dump.exp ...
Running /sources/binutils-2.45/ld/testsuite/ld-selective/selective.exp ...
Running /sources/binutils-2.45/ld/testsuite/ld-sframe/sframe.exp ...
Running /sources/binutils-2.45/ld/testsuite/ld-sh/arch/arch.exp ...
Running /sources/binutils-2.45/ld/testsuite/ld-sh/rd-sh.exp ...
Running /sources/binutils-2.45/ld/testsuite/ld-sh/sh-vxworks.exp ...
Running /sources/binutils-2.45/ld/testsuite/ld-sh/sh.exp ...
Running /sources/binutils-2.45/ld/testsuite/ld-shared/shared.exp ...
Running /sources/binutils-2.45/ld/testsuite/ld-size/size.exp ...
Running /sources/binutils-2.45/ld/testsuite/ld-sparc/sparc.exp ...
Running /sources/binutils-2.45/ld/testsuite/ld-spu/spu.exp ...
Running /sources/binutils-2.45/ld/testsuite/ld-srec/srec.exp ...
Running /sources/binutils-2.45/ld/testsuite/ld-tic6x/tic6x.exp ...
Running /sources/binutils-2.45/ld/testsuite/ld-tilegx/tilegx.exp ...
Running /sources/binutils-2.45/ld/testsuite/ld-tilepro/tilepro.exp ...
Running /sources/binutils-2.45/ld/testsuite/ld-undefined/entry.exp ...
Running /sources/binutils-2.45/ld/testsuite/ld-undefined/require-defined.exp ...
Running /sources/binutils-2.45/ld/testsuite/ld-undefined/undefined.exp ...
Running /sources/binutils-2.45/ld/testsuite/ld-undefined/weak-undef.exp ...
Running /sources/binutils-2.45/ld/testsuite/ld-unique/unique.exp ...
Running /sources/binutils-2.45/ld/testsuite/ld-v850/v850.exp ...
Running /sources/binutils-2.45/ld/testsuite/ld-vax-elf/export-class.exp ...
Running /sources/binutils-2.45/ld/testsuite/ld-vax-elf/vax-elf.exp ...
Running /sources/binutils-2.45/ld/testsuite/ld-visium/visium.exp ...
Running /sources/binutils-2.45/ld/testsuite/ld-vsb/vsb.exp ...
Running /sources/binutils-2.45/ld/testsuite/ld-vxworks/vxworks.exp ...
Running /sources/binutils-2.45/ld/testsuite/ld-x86-64/dwarfreloc.exp ...
Running /sources/binutils-2.45/ld/testsuite/ld-x86-64/export-class.exp ...
Running /sources/binutils-2.45/ld/testsuite/ld-x86-64/line.exp ...
Running /sources/binutils-2.45/ld/testsuite/ld-x86-64/no-plt.exp ...
Running /sources/binutils-2.45/ld/testsuite/ld-x86-64/pe-x86-64.exp ...
Running /sources/binutils-2.45/ld/testsuite/ld-x86-64/tls.exp ...
Running /sources/binutils-2.45/ld/testsuite/ld-x86-64/x86-64.exp ...
Running /sources/binutils-2.45/ld/testsuite/ld-xstormy16/xstormy16.exp ...
Running /sources/binutils-2.45/ld/testsuite/ld-xtensa/xtensa-linux.exp ...
Running /sources/binutils-2.45/ld/testsuite/ld-xtensa/xtensa.exp ...
Running /sources/binutils-2.45/ld/testsuite/ld-z80/z80.exp ...
Running /sources/binutils-2.45/ld/testsuite/ld-z8k/z8k.exp ...

		=== ld Summary ===

# of expected passes		3121
# of expected failures		60
# of untested testcases		1
# of unsupported tests		28
./ld-new 2.45

make[5]: Leaving directory '/sources/binutils-2.45/build/ld'
make[4]: Leaving directory '/sources/binutils-2.45/build/ld'
make[3]: Leaving directory '/sources/binutils-2.45/build/ld'
make[2]: Leaving directory '/sources/binutils-2.45/build/ld'
make[1]: Target 'check-host' not remade because of errors.
make[1]: Leaving directory '/sources/binutils-2.45/build'
make: *** [Makefile:2563: do-check] Error 2
make: Target 'check' not remade because of errors.
